2023-02-04 13:22:34,957 - mmcls - INFO - Environment info:
------------------------------------------------------------
sys.platform: linux
Python: 3.8.16 (default, Jan 17 2023, 23:13:24) [GCC 11.2.0]
CUDA available: True
GPU 0: NVIDIA GeForce RTX 3090
CUDA_HOME: /data/apps/cuda/11.1
NVCC: Cuda compilation tools, release 11.1, V11.1.74
GCC: gcc (GCC) 7.3.0
PyTorch: 1.10.0+cu111
PyTorch compiling details: PyTorch built with:
  - GCC 7.3
  - C++ Version: 201402
  - Intel(R) Math Kernel Library Version 2020.0.0 Product Build 20191122 for Intel(R) 64 architecture applications
  - Intel(R) MKL-DNN v2.2.3 (Git Hash 7336ca9f055cf1bfa13efb658fe15dc9b41f0740)
  - OpenMP 201511 (a.k.a. OpenMP 4.5)
  - LAPACK is enabled (usually provided by MKL)
  - NNPACK is enabled
  - CPU capability usage: AVX2
  - CUDA Runtime 11.1
  - NVCC architecture flags: -gencode;arch=compute_37,code=sm_37;-gencode;arch=compute_50,code=sm_50;-gencode;arch=compute_60,code=sm_60;-gencode;arch=compute_70,code=sm_70;-gencode;arch=compute_75,code=sm_75;-gencode;arch=compute_80,code=sm_80;-gencode;arch=compute_86,code=sm_86
  - CuDNN 8.0.5
  - Magma 2.5.2
  - Build settings: BLAS_INFO=mkl, BUILD_TYPE=Release, CUDA_VERSION=11.1, CUDNN_VERSION=8.0.5, CXX_COMPILER=/opt/rh/devtoolset-7/root/usr/bin/c++, CXX_FLAGS= -Wno-deprecated -fvisibility-inlines-hidden -DUSE_PTHREADPOOL -fopenmp -DNDEBUG -DUSE_KINETO -DUSE_FBGEMM -DUSE_QNNPACK -DUSE_PYTORCH_QNNPACK -DUSE_XNNPACK -DSYMBOLICATE_MOBILE_DEBUG_HANDLE -DEDGE_PROFILER_USE_KINETO -O2 -fPIC -Wno-narrowing -Wall -Wextra -Werror=return-type -Wno-missing-field-initializers -Wno-type-limits -Wno-array-bounds -Wno-unknown-pragmas -Wno-sign-compare -Wno-unused-parameter -Wno-unused-variable -Wno-unused-function -Wno-unused-result -Wno-unused-local-typedefs -Wno-strict-overflow -Wno-strict-aliasing -Wno-error=deprecated-declarations -Wno-stringop-overflow -Wno-psabi -Wno-error=pedantic -Wno-error=redundant-decls -Wno-error=old-style-cast -fdiagnostics-color=always -faligned-new -Wno-unused-but-set-variable -Wno-maybe-uninitialized -fno-math-errno -fno-trapping-math -Werror=format -Wno-stringop-overflow, LAPACK_INFO=mkl, PERF_WITH_AVX=1, PERF_WITH_AVX2=1, PERF_WITH_AVX512=1, TORCH_VERSION=1.10.0, USE_CUDA=ON, USE_CUDNN=ON, USE_EXCEPTION_PTR=1, USE_GFLAGS=OFF, USE_GLOG=OFF, USE_MKL=ON, USE_MKLDNN=ON, USE_MPI=OFF, USE_NCCL=ON, USE_NNPACK=ON, USE_OPENMP=ON, 

TorchVision: 0.11.0+cu111
OpenCV: 4.7.0
MMCV: 1.7.0
MMCV Compiler: GCC 7.3
MMCV CUDA Compiler: 11.1
MMClassification: 0.25.0+
------------------------------------------------------------

2023-02-04 13:22:34,958 - mmcls - INFO - Distributed training: False
2023-02-04 13:22:35,055 - mmcls - INFO - Config:
model = dict(
    type='ImageClassifier',
    backbone=dict(
        type='ResNet',
        depth=18,
        num_stages=4,
        out_indices=(3, ),
        style='pytorch'),
    neck=dict(type='GlobalAveragePooling'),
    head=dict(
        type='LinearClsHead',
        num_classes=5,
        in_channels=512,
        loss=dict(type='CrossEntropyLoss', loss_weight=1.0),
        topk=(1, )))
dataset_type = 'ImageNet'
img_norm_cfg = dict(
    mean=[123.675, 116.28, 103.53], std=[58.395, 57.12, 57.375], to_rgb=True)
train_pipeline = [
    dict(type='LoadImageFromFile'),
    dict(type='RandomResizedCrop', size=224),
    dict(type='RandomFlip', flip_prob=0.5, direction='horizontal'),
    dict(
        type='Normalize',
        mean=[123.675, 116.28, 103.53],
        std=[58.395, 57.12, 57.375],
        to_rgb=True),
    dict(type='ImageToTensor', keys=['img']),
    dict(type='ToTensor', keys=['gt_label']),
    dict(type='Collect', keys=['img', 'gt_label'])
]
test_pipeline = [
    dict(type='LoadImageFromFile'),
    dict(type='Resize', size=(256, -1)),
    dict(type='CenterCrop', crop_size=224),
    dict(
        type='Normalize',
        mean=[123.675, 116.28, 103.53],
        std=[58.395, 57.12, 57.375],
        to_rgb=True),
    dict(type='ImageToTensor', keys=['img']),
    dict(type='Collect', keys=['img'])
]
data = dict(
    samples_per_gpu=32,
    workers_per_gpu=2,
    train=dict(
        type='ImageNet',
        data_prefix='/HOME/scz0arg/run/mmclassification/data/flower/train',
        pipeline=[
            dict(type='LoadImageFromFile'),
            dict(type='RandomResizedCrop', size=224),
            dict(type='RandomFlip', flip_prob=0.5, direction='horizontal'),
            dict(
                type='Normalize',
                mean=[123.675, 116.28, 103.53],
                std=[58.395, 57.12, 57.375],
                to_rgb=True),
            dict(type='ImageToTensor', keys=['img']),
            dict(type='ToTensor', keys=['gt_label']),
            dict(type='Collect', keys=['img', 'gt_label'])
        ],
        ann_file='/HOME/scz0arg/run/mmclassification/data/flower/train.txt',
        classes='/HOME/scz0arg/run/mmclassification/data/flower/classes.txt'),
    val=dict(
        type='ImageNet',
        data_prefix='/HOME/scz0arg/run/mmclassification/data/flower/val',
        ann_file='/HOME/scz0arg/run/mmclassification/data/flower/val.txt',
        pipeline=[
            dict(type='LoadImageFromFile'),
            dict(type='Resize', size=(256, -1)),
            dict(type='CenterCrop', crop_size=224),
            dict(
                type='Normalize',
                mean=[123.675, 116.28, 103.53],
                std=[58.395, 57.12, 57.375],
                to_rgb=True),
            dict(type='ImageToTensor', keys=['img']),
            dict(type='Collect', keys=['img'])
        ],
        classes='/HOME/scz0arg/run/mmclassification/data/flower/classes.txt'),
    test=dict(
        type='ImageNet',
        data_prefix='data/imagenet/val',
        ann_file='data/imagenet/meta/val.txt',
        pipeline=[
            dict(type='LoadImageFromFile'),
            dict(type='Resize', size=(256, -1)),
            dict(type='CenterCrop', crop_size=224),
            dict(
                type='Normalize',
                mean=[123.675, 116.28, 103.53],
                std=[58.395, 57.12, 57.375],
                to_rgb=True),
            dict(type='ImageToTensor', keys=['img']),
            dict(type='Collect', keys=['img'])
        ]))
evaluation = dict(interval=1, metric='accuracy')
checkpoint_config = dict(interval=1)
log_config = dict(interval=100, hooks=[dict(type='TextLoggerHook')])
dist_params = dict(backend='nccl')
log_level = 'INFO'
load_from = '/HOME/scz0arg/run/mmclassification/checkpoints/resnet18_batch256_imagenet_20200708-34ab8f90.pth'
resume_from = None
workflow = [('train', 1)]
optimizer = dict(type='SGD', lr=0.001, momentum=0.9, weight_decay=0.0001)
optimizer_config = dict(grad_clip=None)
lr_config = dict(policy='step', step=[1])
runner = dict(type='EpochBasedRunner', max_epochs=100)
work_dir = 'work/resnet18_b32_flower'
gpu_ids = [0]

2023-02-04 13:22:35,057 - mmcls - INFO - Set random seed to 1194322173, deterministic: False
2023-02-04 13:22:35,130 - mmcls - INFO - initialize ResNet with init_cfg [{'type': 'Kaiming', 'layer': ['Conv2d']}, {'type': 'Constant', 'val': 1, 'layer': ['_BatchNorm', 'GroupNorm']}]
2023-02-04 13:22:35,222 - mmcls - INFO - initialize LinearClsHead with init_cfg {'type': 'Normal', 'layer': 'Linear', 'std': 0.01}
Name of parameter - Initialization information

backbone.conv1.weight - torch.Size([64, 3, 7, 7]): 
KaimingInit: a=0, mode=fan_out, nonlinearity=relu, distribution =normal, bias=0 

backbone.bn1.weight - torch.Size([64]): 
The value is the same before and after calling `init_weights` of ImageClassifier  

backbone.bn1.bias - torch.Size([64]): 
The value is the same before and after calling `init_weights` of ImageClassifier  

backbone.layer1.0.conv1.weight - torch.Size([64, 64, 3, 3]): 
KaimingInit: a=0, mode=fan_out, nonlinearity=relu, distribution =normal, bias=0 

backbone.layer1.0.bn1.weight - torch.Size([64]): 
The value is the same before and after calling `init_weights` of ImageClassifier  

backbone.layer1.0.bn1.bias - torch.Size([64]): 
The value is the same before and after calling `init_weights` of ImageClassifier  

backbone.layer1.0.conv2.weight - torch.Size([64, 64, 3, 3]): 
KaimingInit: a=0, mode=fan_out, nonlinearity=relu, distribution =normal, bias=0 

backbone.layer1.0.bn2.weight - torch.Size([64]): 
Initialized by user-defined `init_weights` in ResNet  

backbone.layer1.0.bn2.bias - torch.Size([64]): 
The value is the same before and after calling `init_weights` of ImageClassifier  

backbone.layer1.1.conv1.weight - torch.Size([64, 64, 3, 3]): 
KaimingInit: a=0, mode=fan_out, nonlinearity=relu, distribution =normal, bias=0 

backbone.layer1.1.bn1.weight - torch.Size([64]): 
The value is the same before and after calling `init_weights` of ImageClassifier  

backbone.layer1.1.bn1.bias - torch.Size([64]): 
The value is the same before and after calling `init_weights` of ImageClassifier  

backbone.layer1.1.conv2.weight - torch.Size([64, 64, 3, 3]): 
KaimingInit: a=0, mode=fan_out, nonlinearity=relu, distribution =normal, bias=0 

backbone.layer1.1.bn2.weight - torch.Size([64]): 
Initialized by user-defined `init_weights` in ResNet  

backbone.layer1.1.bn2.bias - torch.Size([64]): 
The value is the same before and after calling `init_weights` of ImageClassifier  

backbone.layer2.0.conv1.weight - torch.Size([128, 64, 3, 3]): 
KaimingInit: a=0, mode=fan_out, nonlinearity=relu, distribution =normal, bias=0 

backbone.layer2.0.bn1.weight - torch.Size([128]): 
The value is the same before and after calling `init_weights` of ImageClassifier  

backbone.layer2.0.bn1.bias - torch.Size([128]): 
The value is the same before and after calling `init_weights` of ImageClassifier  

backbone.layer2.0.conv2.weight - torch.Size([128, 128, 3, 3]): 
KaimingInit: a=0, mode=fan_out, nonlinearity=relu, distribution =normal, bias=0 

backbone.layer2.0.bn2.weight - torch.Size([128]): 
Initialized by user-defined `init_weights` in ResNet  

backbone.layer2.0.bn2.bias - torch.Size([128]): 
The value is the same before and after calling `init_weights` of ImageClassifier  

backbone.layer2.0.downsample.0.weight - torch.Size([128, 64, 1, 1]): 
KaimingInit: a=0, mode=fan_out, nonlinearity=relu, distribution =normal, bias=0 

backbone.layer2.0.downsample.1.weight - torch.Size([128]): 
The value is the same before and after calling `init_weights` of ImageClassifier  

backbone.layer2.0.downsample.1.bias - torch.Size([128]): 
The value is the same before and after calling `init_weights` of ImageClassifier  

backbone.layer2.1.conv1.weight - torch.Size([128, 128, 3, 3]): 
KaimingInit: a=0, mode=fan_out, nonlinearity=relu, distribution =normal, bias=0 

backbone.layer2.1.bn1.weight - torch.Size([128]): 
The value is the same before and after calling `init_weights` of ImageClassifier  

backbone.layer2.1.bn1.bias - torch.Size([128]): 
The value is the same before and after calling `init_weights` of ImageClassifier  

backbone.layer2.1.conv2.weight - torch.Size([128, 128, 3, 3]): 
KaimingInit: a=0, mode=fan_out, nonlinearity=relu, distribution =normal, bias=0 

backbone.layer2.1.bn2.weight - torch.Size([128]): 
Initialized by user-defined `init_weights` in ResNet  

backbone.layer2.1.bn2.bias - torch.Size([128]): 
The value is the same before and after calling `init_weights` of ImageClassifier  

backbone.layer3.0.conv1.weight - torch.Size([256, 128, 3, 3]): 
KaimingInit: a=0, mode=fan_out, nonlinearity=relu, distribution =normal, bias=0 

backbone.layer3.0.bn1.weight - torch.Size([256]): 
The value is the same before and after calling `init_weights` of ImageClassifier  

backbone.layer3.0.bn1.bias - torch.Size([256]): 
The value is the same before and after calling `init_weights` of ImageClassifier  

backbone.layer3.0.conv2.weight - torch.Size([256, 256, 3, 3]): 
KaimingInit: a=0, mode=fan_out, nonlinearity=relu, distribution =normal, bias=0 

backbone.layer3.0.bn2.weight - torch.Size([256]): 
Initialized by user-defined `init_weights` in ResNet  

backbone.layer3.0.bn2.bias - torch.Size([256]): 
The value is the same before and after calling `init_weights` of ImageClassifier  

backbone.layer3.0.downsample.0.weight - torch.Size([256, 128, 1, 1]): 
KaimingInit: a=0, mode=fan_out, nonlinearity=relu, distribution =normal, bias=0 

backbone.layer3.0.downsample.1.weight - torch.Size([256]): 
The value is the same before and after calling `init_weights` of ImageClassifier  

backbone.layer3.0.downsample.1.bias - torch.Size([256]): 
The value is the same before and after calling `init_weights` of ImageClassifier  

backbone.layer3.1.conv1.weight - torch.Size([256, 256, 3, 3]): 
KaimingInit: a=0, mode=fan_out, nonlinearity=relu, distribution =normal, bias=0 

backbone.layer3.1.bn1.weight - torch.Size([256]): 
The value is the same before and after calling `init_weights` of ImageClassifier  

backbone.layer3.1.bn1.bias - torch.Size([256]): 
The value is the same before and after calling `init_weights` of ImageClassifier  

backbone.layer3.1.conv2.weight - torch.Size([256, 256, 3, 3]): 
KaimingInit: a=0, mode=fan_out, nonlinearity=relu, distribution =normal, bias=0 

backbone.layer3.1.bn2.weight - torch.Size([256]): 
Initialized by user-defined `init_weights` in ResNet  

backbone.layer3.1.bn2.bias - torch.Size([256]): 
The value is the same before and after calling `init_weights` of ImageClassifier  

backbone.layer4.0.conv1.weight - torch.Size([512, 256, 3, 3]): 
KaimingInit: a=0, mode=fan_out, nonlinearity=relu, distribution =normal, bias=0 

backbone.layer4.0.bn1.weight - torch.Size([512]): 
The value is the same before and after calling `init_weights` of ImageClassifier  

backbone.layer4.0.bn1.bias - torch.Size([512]): 
The value is the same before and after calling `init_weights` of ImageClassifier  

backbone.layer4.0.conv2.weight - torch.Size([512, 512, 3, 3]): 
KaimingInit: a=0, mode=fan_out, nonlinearity=relu, distribution =normal, bias=0 

backbone.layer4.0.bn2.weight - torch.Size([512]): 
Initialized by user-defined `init_weights` in ResNet  

backbone.layer4.0.bn2.bias - torch.Size([512]): 
The value is the same before and after calling `init_weights` of ImageClassifier  

backbone.layer4.0.downsample.0.weight - torch.Size([512, 256, 1, 1]): 
KaimingInit: a=0, mode=fan_out, nonlinearity=relu, distribution =normal, bias=0 

backbone.layer4.0.downsample.1.weight - torch.Size([512]): 
The value is the same before and after calling `init_weights` of ImageClassifier  

backbone.layer4.0.downsample.1.bias - torch.Size([512]): 
The value is the same before and after calling `init_weights` of ImageClassifier  

backbone.layer4.1.conv1.weight - torch.Size([512, 512, 3, 3]): 
KaimingInit: a=0, mode=fan_out, nonlinearity=relu, distribution =normal, bias=0 

backbone.layer4.1.bn1.weight - torch.Size([512]): 
The value is the same before and after calling `init_weights` of ImageClassifier  

backbone.layer4.1.bn1.bias - torch.Size([512]): 
The value is the same before and after calling `init_weights` of ImageClassifier  

backbone.layer4.1.conv2.weight - torch.Size([512, 512, 3, 3]): 
KaimingInit: a=0, mode=fan_out, nonlinearity=relu, distribution =normal, bias=0 

backbone.layer4.1.bn2.weight - torch.Size([512]): 
Initialized by user-defined `init_weights` in ResNet  

backbone.layer4.1.bn2.bias - torch.Size([512]): 
The value is the same before and after calling `init_weights` of ImageClassifier  

head.fc.weight - torch.Size([5, 512]): 
NormalInit: mean=0, std=0.01, bias=0 

head.fc.bias - torch.Size([5]): 
NormalInit: mean=0, std=0.01, bias=0 
2023-02-04 13:22:40,174 - mmcls - INFO - load checkpoint from local path: /HOME/scz0arg/run/mmclassification/checkpoints/resnet18_batch256_imagenet_20200708-34ab8f90.pth
2023-02-04 13:22:40,247 - mmcls - WARNING - The model and loaded state dict do not match exactly

size mismatch for head.fc.weight: copying a param with shape torch.Size([1000, 512]) from checkpoint, the shape in current model is torch.Size([5, 512]).
size mismatch for head.fc.bias: copying a param with shape torch.Size([1000]) from checkpoint, the shape in current model is torch.Size([5]).
2023-02-04 13:22:40,248 - mmcls - INFO - Start running, host: scz0arg@g0022, work_dir: /data/run01/scz0arg/mmclassification/work/resnet18_b32_flower
2023-02-04 13:22:40,248 - mmcls - INFO - Hooks will be executed in the following order:
before_run:
(VERY_HIGH   ) StepLrUpdaterHook                  
(NORMAL      ) CheckpointHook                     
(LOW         ) EvalHook                           
(VERY_LOW    ) TextLoggerHook                     
 -------------------- 
before_train_epoch:
(VERY_HIGH   ) StepLrUpdaterHook                  
(LOW         ) IterTimerHook                      
(LOW         ) EvalHook                           
(VERY_LOW    ) TextLoggerHook                     
 -------------------- 
before_train_iter:
(VERY_HIGH   ) StepLrUpdaterHook                  
(LOW         ) IterTimerHook                      
(LOW         ) EvalHook                           
 -------------------- 
after_train_iter:
(ABOVE_NORMAL) OptimizerHook                      
(NORMAL      ) CheckpointHook                     
(LOW         ) IterTimerHook                      
(LOW         ) EvalHook                           
(VERY_LOW    ) TextLoggerHook                     
 -------------------- 
after_train_epoch:
(NORMAL      ) CheckpointHook                     
(LOW         ) EvalHook                           
(VERY_LOW    ) TextLoggerHook                     
 -------------------- 
before_val_epoch:
(LOW         ) IterTimerHook                      
(VERY_LOW    ) TextLoggerHook                     
 -------------------- 
before_val_iter:
(LOW         ) IterTimerHook                      
 -------------------- 
after_val_iter:
(LOW         ) IterTimerHook                      
 -------------------- 
after_val_epoch:
(VERY_LOW    ) TextLoggerHook                     
 -------------------- 
after_run:
(VERY_LOW    ) TextLoggerHook                     
 -------------------- 
2023-02-04 13:22:40,248 - mmcls - INFO - workflow: [('train', 1)], max: 100 epochs
2023-02-04 13:22:40,248 - mmcls - INFO - Checkpoints will be saved to /data/run01/scz0arg/mmclassification/work/resnet18_b32_flower by HardDiskBackend.
2023-02-04 13:22:47,375 - mmcls - INFO - Saving checkpoint at 1 epochs
2023-02-04 13:22:49,118 - mmcls - INFO - Epoch(val) [1][18]	accuracy_top-1: 90.9091, accuracy_top-5: 100.0000
2023-02-04 13:22:54,537 - mmcls - INFO - Saving checkpoint at 2 epochs
2023-02-04 13:22:55,507 - mmcls - INFO - Epoch(val) [2][18]	accuracy_top-1: 92.1329, accuracy_top-5: 100.0000
2023-02-04 13:23:00,949 - mmcls - INFO - Saving checkpoint at 3 epochs
2023-02-04 13:23:01,908 - mmcls - INFO - Epoch(val) [3][18]	accuracy_top-1: 92.1329, accuracy_top-5: 100.0000
2023-02-04 13:23:07,340 - mmcls - INFO - Saving checkpoint at 4 epochs
2023-02-04 13:23:08,285 - mmcls - INFO - Epoch(val) [4][18]	accuracy_top-1: 92.3077, accuracy_top-5: 100.0000
2023-02-04 13:23:13,712 - mmcls - INFO - Saving checkpoint at 5 epochs
2023-02-04 13:23:14,660 - mmcls - INFO - Epoch(val) [5][18]	accuracy_top-1: 91.7832, accuracy_top-5: 100.0000
2023-02-04 13:23:20,073 - mmcls - INFO - Saving checkpoint at 6 epochs
2023-02-04 13:23:21,027 - mmcls - INFO - Epoch(val) [6][18]	accuracy_top-1: 93.1818, accuracy_top-5: 100.0000
2023-02-04 13:23:26,475 - mmcls - INFO - Saving checkpoint at 7 epochs
2023-02-04 13:23:27,434 - mmcls - INFO - Epoch(val) [7][18]	accuracy_top-1: 93.5315, accuracy_top-5: 100.0000
2023-02-04 13:23:32,854 - mmcls - INFO - Saving checkpoint at 8 epochs
2023-02-04 13:23:33,808 - mmcls - INFO - Epoch(val) [8][18]	accuracy_top-1: 93.1818, accuracy_top-5: 100.0000
2023-02-04 13:23:39,255 - mmcls - INFO - Saving checkpoint at 9 epochs
2023-02-04 13:23:40,208 - mmcls - INFO - Epoch(val) [9][18]	accuracy_top-1: 93.0070, accuracy_top-5: 100.0000
2023-02-04 13:23:45,612 - mmcls - INFO - Saving checkpoint at 10 epochs
2023-02-04 13:23:46,574 - mmcls - INFO - Epoch(val) [10][18]	accuracy_top-1: 93.3566, accuracy_top-5: 100.0000
2023-02-04 13:23:51,994 - mmcls - INFO - Saving checkpoint at 11 epochs
2023-02-04 13:23:52,950 - mmcls - INFO - Epoch(val) [11][18]	accuracy_top-1: 94.2308, accuracy_top-5: 100.0000
2023-02-04 13:23:58,353 - mmcls - INFO - Saving checkpoint at 12 epochs
2023-02-04 13:23:59,309 - mmcls - INFO - Epoch(val) [12][18]	accuracy_top-1: 93.3566, accuracy_top-5: 100.0000
2023-02-04 13:24:04,694 - mmcls - INFO - Saving checkpoint at 13 epochs
2023-02-04 13:24:05,644 - mmcls - INFO - Epoch(val) [13][18]	accuracy_top-1: 93.7063, accuracy_top-5: 100.0000
2023-02-04 13:24:11,044 - mmcls - INFO - Saving checkpoint at 14 epochs
2023-02-04 13:24:12,001 - mmcls - INFO - Epoch(val) [14][18]	accuracy_top-1: 93.7063, accuracy_top-5: 100.0000
2023-02-04 13:24:17,398 - mmcls - INFO - Saving checkpoint at 15 epochs
2023-02-04 13:24:18,351 - mmcls - INFO - Epoch(val) [15][18]	accuracy_top-1: 94.4056, accuracy_top-5: 100.0000
2023-02-04 13:24:23,811 - mmcls - INFO - Saving checkpoint at 16 epochs
2023-02-04 13:24:24,768 - mmcls - INFO - Epoch(val) [16][18]	accuracy_top-1: 93.5315, accuracy_top-5: 100.0000
2023-02-04 13:24:30,206 - mmcls - INFO - Saving checkpoint at 17 epochs
2023-02-04 13:24:31,163 - mmcls - INFO - Epoch(val) [17][18]	accuracy_top-1: 93.3566, accuracy_top-5: 100.0000
2023-02-04 13:24:36,618 - mmcls - INFO - Saving checkpoint at 18 epochs
2023-02-04 13:24:37,577 - mmcls - INFO - Epoch(val) [18][18]	accuracy_top-1: 94.2308, accuracy_top-5: 100.0000
2023-02-04 13:24:43,000 - mmcls - INFO - Saving checkpoint at 19 epochs
2023-02-04 13:24:43,952 - mmcls - INFO - Epoch(val) [19][18]	accuracy_top-1: 93.8811, accuracy_top-5: 100.0000
2023-02-04 13:24:49,335 - mmcls - INFO - Saving checkpoint at 20 epochs
2023-02-04 13:24:50,291 - mmcls - INFO - Epoch(val) [20][18]	accuracy_top-1: 94.5804, accuracy_top-5: 100.0000
2023-02-04 13:24:55,705 - mmcls - INFO - Saving checkpoint at 21 epochs
2023-02-04 13:24:56,661 - mmcls - INFO - Epoch(val) [21][18]	accuracy_top-1: 94.0559, accuracy_top-5: 100.0000
2023-02-04 13:25:02,065 - mmcls - INFO - Saving checkpoint at 22 epochs
2023-02-04 13:25:03,023 - mmcls - INFO - Epoch(val) [22][18]	accuracy_top-1: 93.8811, accuracy_top-5: 100.0000
2023-02-04 13:25:08,455 - mmcls - INFO - Saving checkpoint at 23 epochs
2023-02-04 13:25:09,398 - mmcls - INFO - Epoch(val) [23][18]	accuracy_top-1: 94.7552, accuracy_top-5: 100.0000
2023-02-04 13:25:14,850 - mmcls - INFO - Saving checkpoint at 24 epochs
2023-02-04 13:25:15,797 - mmcls - INFO - Epoch(val) [24][18]	accuracy_top-1: 94.2308, accuracy_top-5: 100.0000
2023-02-04 13:25:21,204 - mmcls - INFO - Saving checkpoint at 25 epochs
2023-02-04 13:25:22,155 - mmcls - INFO - Epoch(val) [25][18]	accuracy_top-1: 94.9301, accuracy_top-5: 100.0000
2023-02-04 13:25:27,558 - mmcls - INFO - Saving checkpoint at 26 epochs
2023-02-04 13:25:28,529 - mmcls - INFO - Epoch(val) [26][18]	accuracy_top-1: 94.7552, accuracy_top-5: 100.0000
2023-02-04 13:25:33,962 - mmcls - INFO - Saving checkpoint at 27 epochs
2023-02-04 13:25:34,970 - mmcls - INFO - Epoch(val) [27][18]	accuracy_top-1: 94.5804, accuracy_top-5: 100.0000
2023-02-04 13:25:40,358 - mmcls - INFO - Saving checkpoint at 28 epochs
2023-02-04 13:25:41,344 - mmcls - INFO - Epoch(val) [28][18]	accuracy_top-1: 94.7552, accuracy_top-5: 100.0000
2023-02-04 13:25:46,721 - mmcls - INFO - Saving checkpoint at 29 epochs
2023-02-04 13:25:47,677 - mmcls - INFO - Epoch(val) [29][18]	accuracy_top-1: 94.5804, accuracy_top-5: 100.0000
2023-02-04 13:25:53,132 - mmcls - INFO - Saving checkpoint at 30 epochs
2023-02-04 13:25:54,154 - mmcls - INFO - Epoch(val) [30][18]	accuracy_top-1: 94.7552, accuracy_top-5: 100.0000
2023-02-04 13:25:59,611 - mmcls - INFO - Saving checkpoint at 31 epochs
2023-02-04 13:26:00,605 - mmcls - INFO - Epoch(val) [31][18]	accuracy_top-1: 94.5804, accuracy_top-5: 100.0000
2023-02-04 13:26:06,039 - mmcls - INFO - Saving checkpoint at 32 epochs
2023-02-04 13:26:07,079 - mmcls - INFO - Epoch(val) [32][18]	accuracy_top-1: 95.1049, accuracy_top-5: 100.0000
2023-02-04 13:26:12,505 - mmcls - INFO - Saving checkpoint at 33 epochs
2023-02-04 13:26:13,523 - mmcls - INFO - Epoch(val) [33][18]	accuracy_top-1: 94.7552, accuracy_top-5: 100.0000
2023-02-04 13:26:18,907 - mmcls - INFO - Saving checkpoint at 34 epochs
2023-02-04 13:26:19,860 - mmcls - INFO - Epoch(val) [34][18]	accuracy_top-1: 95.1049, accuracy_top-5: 100.0000
2023-02-04 13:26:25,235 - mmcls - INFO - Saving checkpoint at 35 epochs
2023-02-04 13:26:26,191 - mmcls - INFO - Epoch(val) [35][18]	accuracy_top-1: 94.9301, accuracy_top-5: 100.0000
2023-02-04 13:26:31,564 - mmcls - INFO - Saving checkpoint at 36 epochs
2023-02-04 13:26:32,521 - mmcls - INFO - Epoch(val) [36][18]	accuracy_top-1: 94.4056, accuracy_top-5: 100.0000
2023-02-04 13:26:37,929 - mmcls - INFO - Saving checkpoint at 37 epochs
2023-02-04 13:26:38,957 - mmcls - INFO - Epoch(val) [37][18]	accuracy_top-1: 95.1049, accuracy_top-5: 100.0000
2023-02-04 13:26:44,355 - mmcls - INFO - Saving checkpoint at 38 epochs
2023-02-04 13:26:45,373 - mmcls - INFO - Epoch(val) [38][18]	accuracy_top-1: 95.1049, accuracy_top-5: 100.0000
2023-02-04 13:26:50,822 - mmcls - INFO - Saving checkpoint at 39 epochs
2023-02-04 13:26:51,782 - mmcls - INFO - Epoch(val) [39][18]	accuracy_top-1: 94.9301, accuracy_top-5: 100.0000
2023-02-04 13:26:57,228 - mmcls - INFO - Saving checkpoint at 40 epochs
2023-02-04 13:26:58,193 - mmcls - INFO - Epoch(val) [40][18]	accuracy_top-1: 95.2797, accuracy_top-5: 100.0000
2023-02-04 13:27:03,589 - mmcls - INFO - Saving checkpoint at 41 epochs
2023-02-04 13:27:04,551 - mmcls - INFO - Epoch(val) [41][18]	accuracy_top-1: 95.2797, accuracy_top-5: 100.0000
2023-02-04 13:27:09,930 - mmcls - INFO - Saving checkpoint at 42 epochs
2023-02-04 13:27:10,887 - mmcls - INFO - Epoch(val) [42][18]	accuracy_top-1: 95.2797, accuracy_top-5: 100.0000
2023-02-04 13:27:16,307 - mmcls - INFO - Saving checkpoint at 43 epochs
2023-02-04 13:27:17,263 - mmcls - INFO - Epoch(val) [43][18]	accuracy_top-1: 94.7552, accuracy_top-5: 100.0000
2023-02-04 13:27:22,729 - mmcls - INFO - Saving checkpoint at 44 epochs
2023-02-04 13:27:23,682 - mmcls - INFO - Epoch(val) [44][18]	accuracy_top-1: 95.4545, accuracy_top-5: 100.0000
2023-02-04 13:27:29,095 - mmcls - INFO - Saving checkpoint at 45 epochs
2023-02-04 13:27:30,054 - mmcls - INFO - Epoch(val) [45][18]	accuracy_top-1: 95.2797, accuracy_top-5: 100.0000
2023-02-04 13:27:35,509 - mmcls - INFO - Saving checkpoint at 46 epochs
2023-02-04 13:27:36,467 - mmcls - INFO - Epoch(val) [46][18]	accuracy_top-1: 95.4545, accuracy_top-5: 100.0000
2023-02-04 13:27:41,885 - mmcls - INFO - Saving checkpoint at 47 epochs
2023-02-04 13:27:42,847 - mmcls - INFO - Epoch(val) [47][18]	accuracy_top-1: 95.2797, accuracy_top-5: 100.0000
2023-02-04 13:27:48,255 - mmcls - INFO - Saving checkpoint at 48 epochs
2023-02-04 13:27:49,207 - mmcls - INFO - Epoch(val) [48][18]	accuracy_top-1: 95.4545, accuracy_top-5: 100.0000
2023-02-04 13:27:54,621 - mmcls - INFO - Saving checkpoint at 49 epochs
2023-02-04 13:27:55,574 - mmcls - INFO - Epoch(val) [49][18]	accuracy_top-1: 95.4545, accuracy_top-5: 100.0000
2023-02-04 13:28:00,993 - mmcls - INFO - Saving checkpoint at 50 epochs
2023-02-04 13:28:01,947 - mmcls - INFO - Epoch(val) [50][18]	accuracy_top-1: 95.2797, accuracy_top-5: 100.0000
2023-02-04 13:28:07,400 - mmcls - INFO - Saving checkpoint at 51 epochs
2023-02-04 13:28:08,368 - mmcls - INFO - Epoch(val) [51][18]	accuracy_top-1: 94.5804, accuracy_top-5: 100.0000
2023-02-04 13:28:13,830 - mmcls - INFO - Saving checkpoint at 52 epochs
2023-02-04 13:28:14,782 - mmcls - INFO - Epoch(val) [52][18]	accuracy_top-1: 95.1049, accuracy_top-5: 100.0000
2023-02-04 13:28:20,162 - mmcls - INFO - Saving checkpoint at 53 epochs
2023-02-04 13:28:21,126 - mmcls - INFO - Epoch(val) [53][18]	accuracy_top-1: 95.1049, accuracy_top-5: 100.0000
2023-02-04 13:28:26,513 - mmcls - INFO - Saving checkpoint at 54 epochs
2023-02-04 13:28:27,471 - mmcls - INFO - Epoch(val) [54][18]	accuracy_top-1: 95.2797, accuracy_top-5: 100.0000
2023-02-04 13:28:32,889 - mmcls - INFO - Saving checkpoint at 55 epochs
2023-02-04 13:28:33,889 - mmcls - INFO - Epoch(val) [55][18]	accuracy_top-1: 95.1049, accuracy_top-5: 100.0000
2023-02-04 13:28:39,326 - mmcls - INFO - Saving checkpoint at 56 epochs
2023-02-04 13:28:40,287 - mmcls - INFO - Epoch(val) [56][18]	accuracy_top-1: 95.8042, accuracy_top-5: 100.0000
2023-02-04 13:28:45,716 - mmcls - INFO - Saving checkpoint at 57 epochs
2023-02-04 13:28:46,678 - mmcls - INFO - Epoch(val) [57][18]	accuracy_top-1: 95.2797, accuracy_top-5: 100.0000
2023-02-04 13:28:52,117 - mmcls - INFO - Saving checkpoint at 58 epochs
2023-02-04 13:28:53,071 - mmcls - INFO - Epoch(val) [58][18]	accuracy_top-1: 95.2797, accuracy_top-5: 100.0000
2023-02-04 13:28:58,528 - mmcls - INFO - Saving checkpoint at 59 epochs
2023-02-04 13:28:59,487 - mmcls - INFO - Epoch(val) [59][18]	accuracy_top-1: 95.1049, accuracy_top-5: 100.0000
2023-02-04 13:29:04,868 - mmcls - INFO - Saving checkpoint at 60 epochs
2023-02-04 13:29:05,824 - mmcls - INFO - Epoch(val) [60][18]	accuracy_top-1: 95.2797, accuracy_top-5: 100.0000
2023-02-04 13:29:11,250 - mmcls - INFO - Saving checkpoint at 61 epochs
2023-02-04 13:29:12,199 - mmcls - INFO - Epoch(val) [61][18]	accuracy_top-1: 94.9301, accuracy_top-5: 100.0000
2023-02-04 13:29:17,638 - mmcls - INFO - Saving checkpoint at 62 epochs
2023-02-04 13:29:18,598 - mmcls - INFO - Epoch(val) [62][18]	accuracy_top-1: 95.6294, accuracy_top-5: 100.0000
2023-02-04 13:29:24,082 - mmcls - INFO - Saving checkpoint at 63 epochs
2023-02-04 13:29:25,085 - mmcls - INFO - Epoch(val) [63][18]	accuracy_top-1: 95.2797, accuracy_top-5: 100.0000
2023-02-04 13:29:30,473 - mmcls - INFO - Saving checkpoint at 64 epochs
2023-02-04 13:29:31,430 - mmcls - INFO - Epoch(val) [64][18]	accuracy_top-1: 95.2797, accuracy_top-5: 100.0000
2023-02-04 13:29:36,848 - mmcls - INFO - Saving checkpoint at 65 epochs
2023-02-04 13:29:37,805 - mmcls - INFO - Epoch(val) [65][18]	accuracy_top-1: 95.6294, accuracy_top-5: 100.0000
2023-02-04 13:29:43,223 - mmcls - INFO - Saving checkpoint at 66 epochs
2023-02-04 13:29:44,177 - mmcls - INFO - Epoch(val) [66][18]	accuracy_top-1: 95.1049, accuracy_top-5: 100.0000
2023-02-04 13:29:49,560 - mmcls - INFO - Saving checkpoint at 67 epochs
2023-02-04 13:29:50,513 - mmcls - INFO - Epoch(val) [67][18]	accuracy_top-1: 95.4545, accuracy_top-5: 100.0000
2023-02-04 13:29:55,917 - mmcls - INFO - Saving checkpoint at 68 epochs
2023-02-04 13:29:56,883 - mmcls - INFO - Epoch(val) [68][18]	accuracy_top-1: 95.4545, accuracy_top-5: 100.0000
2023-02-04 13:30:02,354 - mmcls - INFO - Saving checkpoint at 69 epochs
2023-02-04 13:30:03,307 - mmcls - INFO - Epoch(val) [69][18]	accuracy_top-1: 95.6294, accuracy_top-5: 100.0000
2023-02-04 13:30:08,686 - mmcls - INFO - Saving checkpoint at 70 epochs
2023-02-04 13:30:09,652 - mmcls - INFO - Epoch(val) [70][18]	accuracy_top-1: 94.9301, accuracy_top-5: 100.0000
2023-02-04 13:30:15,091 - mmcls - INFO - Saving checkpoint at 71 epochs
2023-02-04 13:30:16,053 - mmcls - INFO - Epoch(val) [71][18]	accuracy_top-1: 95.4545, accuracy_top-5: 100.0000
2023-02-04 13:30:21,448 - mmcls - INFO - Saving checkpoint at 72 epochs
2023-02-04 13:30:22,412 - mmcls - INFO - Epoch(val) [72][18]	accuracy_top-1: 95.2797, accuracy_top-5: 100.0000
2023-02-04 13:30:27,883 - mmcls - INFO - Saving checkpoint at 73 epochs
2023-02-04 13:30:28,834 - mmcls - INFO - Epoch(val) [73][18]	accuracy_top-1: 94.5804, accuracy_top-5: 100.0000
2023-02-04 13:30:34,237 - mmcls - INFO - Saving checkpoint at 74 epochs
2023-02-04 13:30:35,195 - mmcls - INFO - Epoch(val) [74][18]	accuracy_top-1: 95.1049, accuracy_top-5: 100.0000
2023-02-04 13:30:40,568 - mmcls - INFO - Saving checkpoint at 75 epochs
2023-02-04 13:30:41,520 - mmcls - INFO - Epoch(val) [75][18]	accuracy_top-1: 94.7552, accuracy_top-5: 100.0000
2023-02-04 13:30:47,044 - mmcls - INFO - Saving checkpoint at 76 epochs
2023-02-04 13:30:48,012 - mmcls - INFO - Epoch(val) [76][18]	accuracy_top-1: 95.2797, accuracy_top-5: 100.0000
2023-02-04 13:30:53,430 - mmcls - INFO - Saving checkpoint at 77 epochs
2023-02-04 13:30:54,394 - mmcls - INFO - Epoch(val) [77][18]	accuracy_top-1: 95.4545, accuracy_top-5: 100.0000
2023-02-04 13:30:59,804 - mmcls - INFO - Saving checkpoint at 78 epochs
2023-02-04 13:31:00,772 - mmcls - INFO - Epoch(val) [78][18]	accuracy_top-1: 95.2797, accuracy_top-5: 100.0000
2023-02-04 13:31:06,155 - mmcls - INFO - Saving checkpoint at 79 epochs
2023-02-04 13:31:07,109 - mmcls - INFO - Epoch(val) [79][18]	accuracy_top-1: 94.7552, accuracy_top-5: 100.0000
2023-02-04 13:31:12,528 - mmcls - INFO - Saving checkpoint at 80 epochs
2023-02-04 13:31:13,543 - mmcls - INFO - Epoch(val) [80][18]	accuracy_top-1: 95.2797, accuracy_top-5: 100.0000
2023-02-04 13:31:18,957 - mmcls - INFO - Saving checkpoint at 81 epochs
2023-02-04 13:31:19,912 - mmcls - INFO - Epoch(val) [81][18]	accuracy_top-1: 95.2797, accuracy_top-5: 100.0000
2023-02-04 13:31:25,304 - mmcls - INFO - Saving checkpoint at 82 epochs
2023-02-04 13:31:26,286 - mmcls - INFO - Epoch(val) [82][18]	accuracy_top-1: 95.2797, accuracy_top-5: 100.0000
2023-02-04 13:31:31,657 - mmcls - INFO - Saving checkpoint at 83 epochs
2023-02-04 13:31:32,609 - mmcls - INFO - Epoch(val) [83][18]	accuracy_top-1: 95.4545, accuracy_top-5: 100.0000
2023-02-04 13:31:38,017 - mmcls - INFO - Saving checkpoint at 84 epochs
2023-02-04 13:31:38,980 - mmcls - INFO - Epoch(val) [84][18]	accuracy_top-1: 94.9301, accuracy_top-5: 100.0000
2023-02-04 13:31:44,383 - mmcls - INFO - Saving checkpoint at 85 epochs
2023-02-04 13:31:45,340 - mmcls - INFO - Epoch(val) [85][18]	accuracy_top-1: 95.2797, accuracy_top-5: 100.0000
2023-02-04 13:31:50,772 - mmcls - INFO - Saving checkpoint at 86 epochs
2023-02-04 13:31:51,750 - mmcls - INFO - Epoch(val) [86][18]	accuracy_top-1: 94.7552, accuracy_top-5: 100.0000
2023-02-04 13:31:57,160 - mmcls - INFO - Saving checkpoint at 87 epochs
2023-02-04 13:31:58,124 - mmcls - INFO - Epoch(val) [87][18]	accuracy_top-1: 95.1049, accuracy_top-5: 100.0000
2023-02-04 13:32:03,548 - mmcls - INFO - Saving checkpoint at 88 epochs
2023-02-04 13:32:04,504 - mmcls - INFO - Epoch(val) [88][18]	accuracy_top-1: 94.9301, accuracy_top-5: 100.0000
2023-02-04 13:32:09,938 - mmcls - INFO - Saving checkpoint at 89 epochs
2023-02-04 13:32:10,902 - mmcls - INFO - Epoch(val) [89][18]	accuracy_top-1: 95.2797, accuracy_top-5: 100.0000
2023-02-04 13:32:16,327 - mmcls - INFO - Saving checkpoint at 90 epochs
2023-02-04 13:32:17,286 - mmcls - INFO - Epoch(val) [90][18]	accuracy_top-1: 95.2797, accuracy_top-5: 100.0000
2023-02-04 13:32:22,702 - mmcls - INFO - Saving checkpoint at 91 epochs
2023-02-04 13:32:23,668 - mmcls - INFO - Epoch(val) [91][18]	accuracy_top-1: 95.4545, accuracy_top-5: 100.0000
2023-02-04 13:32:29,068 - mmcls - INFO - Saving checkpoint at 92 epochs
2023-02-04 13:32:30,038 - mmcls - INFO - Epoch(val) [92][18]	accuracy_top-1: 94.9301, accuracy_top-5: 100.0000
2023-02-04 13:32:35,492 - mmcls - INFO - Saving checkpoint at 93 epochs
2023-02-04 13:32:36,445 - mmcls - INFO - Epoch(val) [93][18]	accuracy_top-1: 95.4545, accuracy_top-5: 100.0000
2023-02-04 13:32:41,892 - mmcls - INFO - Saving checkpoint at 94 epochs
2023-02-04 13:32:42,858 - mmcls - INFO - Epoch(val) [94][18]	accuracy_top-1: 94.9301, accuracy_top-5: 100.0000
2023-02-04 13:32:48,270 - mmcls - INFO - Saving checkpoint at 95 epochs
2023-02-04 13:32:49,224 - mmcls - INFO - Epoch(val) [95][18]	accuracy_top-1: 94.9301, accuracy_top-5: 100.0000
2023-02-04 13:32:54,665 - mmcls - INFO - Saving checkpoint at 96 epochs
2023-02-04 13:32:55,630 - mmcls - INFO - Epoch(val) [96][18]	accuracy_top-1: 95.1049, accuracy_top-5: 100.0000
2023-02-04 13:33:01,028 - mmcls - INFO - Saving checkpoint at 97 epochs
2023-02-04 13:33:01,987 - mmcls - INFO - Epoch(val) [97][18]	accuracy_top-1: 95.6294, accuracy_top-5: 100.0000
2023-02-04 13:33:07,391 - mmcls - INFO - Saving checkpoint at 98 epochs
2023-02-04 13:33:08,356 - mmcls - INFO - Epoch(val) [98][18]	accuracy_top-1: 95.1049, accuracy_top-5: 100.0000
2023-02-04 13:33:13,795 - mmcls - INFO - Saving checkpoint at 99 epochs
2023-02-04 13:33:14,744 - mmcls - INFO - Epoch(val) [99][18]	accuracy_top-1: 94.9301, accuracy_top-5: 100.0000
2023-02-04 13:33:20,149 - mmcls - INFO - Saving checkpoint at 100 epochs
2023-02-04 13:33:21,099 - mmcls - INFO - Epoch(val) [100][18]	accuracy_top-1: 95.1049, accuracy_top-5: 100.0000
